<?xml version="1.0" encoding="UTF-8"?>
<coverage generated="1774215563">
  <project timestamp="1774215563" name="Clover Coverage">
    <package name="MulerTech\CspBundle">
      <file name="/app/src/CspNonceGenerator.php">
        <class name="MulerTech\CspBundle\CspNonceGenerator" namespace="MulerTech\CspBundle">
          <metrics complexity="1" methods="1" coveredmethods="1" conditionals="0" coveredconditionals="0" statements="1" coveredstatements="1" elements="2" coveredelements="2"/>
        </class>
        <line num="12" type="method" name="getNonce" visibility="public" complexity="1" crap="1" count="11"/>
        <line num="14" type="stmt" count="11"/>
        <metrics loc="17" ncloc="16" classes="1" methods="1" coveredmethods="1" conditionals="0" coveredconditionals="0" statements="1" coveredstatements="1" elements="2" coveredelements="2"/>
      </file>
      <file name="/app/src/MulerTechCspBundle.php">
        <class name="MulerTech\CspBundle\MulerTechCspBundle" namespace="MulerTech\CspBundle">
          <metrics complexity="10" methods="3" coveredmethods="3" conditionals="0" coveredconditionals="0" statements="74" coveredstatements="74" elements="77" coveredelements="77"/>
        </class>
        <line num="38" type="method" name="configure" visibility="public" complexity="1" crap="1" count="15"/>
        <line num="40" type="stmt" count="15"/>
        <line num="41" type="stmt" count="15"/>
        <line num="42" type="stmt" count="15"/>
        <line num="43" type="stmt" count="15"/>
        <line num="44" type="stmt" count="15"/>
        <line num="45" type="stmt" count="15"/>
        <line num="46" type="stmt" count="15"/>
        <line num="47" type="stmt" count="15"/>
        <line num="48" type="stmt" count="15"/>
        <line num="49" type="stmt" count="15"/>
        <line num="50" type="stmt" count="15"/>
        <line num="51" type="stmt" count="15"/>
        <line num="52" type="stmt" count="15"/>
        <line num="53" type="stmt" count="15"/>
        <line num="54" type="stmt" count="15"/>
        <line num="55" type="stmt" count="15"/>
        <line num="56" type="stmt" count="15"/>
        <line num="57" type="stmt" count="15"/>
        <line num="58" type="stmt" count="15"/>
        <line num="59" type="stmt" count="15"/>
        <line num="60" type="stmt" count="15"/>
        <line num="61" type="stmt" count="15"/>
        <line num="62" type="stmt" count="15"/>
        <line num="63" type="stmt" count="15"/>
        <line num="64" type="stmt" count="15"/>
        <line num="65" type="stmt" count="15"/>
        <line num="66" type="stmt" count="15"/>
        <line num="67" type="stmt" count="15"/>
        <line num="68" type="stmt" count="15"/>
        <line num="69" type="stmt" count="15"/>
        <line num="70" type="stmt" count="15"/>
        <line num="71" type="stmt" count="15"/>
        <line num="77" type="method" name="loadExtension" visibility="public" complexity="5" crap="5" count="15"/>
        <line num="79" type="stmt" count="15"/>
        <line num="80" type="stmt" count="1"/>
        <line num="83" type="stmt" count="14"/>
        <line num="85" type="stmt" count="14"/>
        <line num="86" type="stmt" count="14"/>
        <line num="87" type="stmt" count="14"/>
        <line num="89" type="stmt" count="14"/>
        <line num="90" type="stmt" count="14"/>
        <line num="91" type="stmt" count="14"/>
        <line num="92" type="stmt" count="14"/>
        <line num="93" type="stmt" count="14"/>
        <line num="94" type="stmt" count="14"/>
        <line num="95" type="stmt" count="14"/>
        <line num="96" type="stmt" count="14"/>
        <line num="97" type="stmt" count="1"/>
        <line num="99" type="stmt" count="14"/>
        <line num="101" type="stmt" count="14"/>
        <line num="102" type="stmt" count="14"/>
        <line num="103" type="stmt" count="14"/>
        <line num="104" type="stmt" count="14"/>
        <line num="105" type="stmt" count="14"/>
        <line num="106" type="stmt" count="14"/>
        <line num="107" type="stmt" count="14"/>
        <line num="108" type="stmt" count="14"/>
        <line num="109" type="stmt" count="14"/>
        <line num="111" type="stmt" count="14"/>
        <line num="112" type="stmt" count="14"/>
        <line num="113" type="stmt" count="14"/>
        <line num="114" type="stmt" count="14"/>
        <line num="115" type="stmt" count="14"/>
        <line num="116" type="stmt" count="14"/>
        <line num="117" type="stmt" count="14"/>
        <line num="120" type="stmt" count="14"/>
        <line num="121" type="stmt" count="14"/>
        <line num="129" type="method" name="mergeDirectives" visibility="private" complexity="4" crap="4" count="14"/>
        <line num="131" type="stmt" count="14"/>
        <line num="132" type="stmt" count="12"/>
        <line num="135" type="stmt" count="2"/>
        <line num="137" type="stmt" count="2"/>
        <line num="138" type="stmt" count="2"/>
        <line num="139" type="stmt" count="2"/>
        <line num="141" type="stmt" count="1"/>
        <line num="145" type="stmt" count="2"/>
        <metrics loc="148" ncloc="140" classes="1" methods="3" coveredmethods="3" conditionals="0" coveredconditionals="0" statements="74" coveredstatements="74" elements="77" coveredelements="77"/>
      </file>
    </package>
    <package name="MulerTech\CspBundle\Event">
      <file name="/app/src/Event/BuildCspHeaderEvent.php">
        <class name="MulerTech\CspBundle\Event\BuildCspHeaderEvent" namespace="MulerTech\CspBundle\Event">
          <metrics complexity="4" methods="4" coveredmethods="4" conditionals="0" coveredconditionals="0" statements="4" coveredstatements="4" elements="8" coveredelements="8"/>
        </class>
        <line num="16" type="method" name="__construct" visibility="public" complexity="1" crap="1" count="14"/>
        <line num="19" type="stmt" count="14"/>
        <line num="21" type="method" name="getRequest" visibility="public" complexity="1" crap="1" count="2"/>
        <line num="23" type="stmt" count="2"/>
        <line num="26" type="method" name="getHeaderValue" visibility="public" complexity="1" crap="1" count="13"/>
        <line num="28" type="stmt" count="13"/>
        <line num="31" type="method" name="setHeaderValue" visibility="public" complexity="1" crap="1" count="3"/>
        <line num="33" type="stmt" count="3"/>
        <metrics loc="36" ncloc="36" classes="1" methods="4" coveredmethods="4" conditionals="0" coveredconditionals="0" statements="4" coveredstatements="4" elements="8" coveredelements="8"/>
      </file>
    </package>
    <package name="MulerTech\CspBundle\EventSubscriber">
      <file name="/app/src/EventSubscriber/CspHeaderSubscriber.php">
        <class name="MulerTech\CspBundle\EventSubscriber\CspHeaderSubscriber" namespace="MulerTech\CspBundle\EventSubscriber">
          <metrics complexity="11" methods="4" coveredmethods="4" conditionals="0" coveredconditionals="0" statements="25" coveredstatements="25" elements="29" coveredelements="29"/>
        </class>
        <line num="19" type="method" name="__construct" visibility="public" complexity="1" crap="1" count="13"/>
        <line num="25" type="stmt" count="13"/>
        <line num="27" type="method" name="getSubscribedEvents" visibility="public" complexity="1" crap="1" count="14"/>
        <line num="29" type="stmt" count="14"/>
        <line num="30" type="stmt" count="14"/>
        <line num="31" type="stmt" count="14"/>
        <line num="34" type="method" name="onKernelResponse" visibility="public" complexity="5" crap="5" count="13"/>
        <line num="36" type="stmt" count="13"/>
        <line num="37" type="stmt" count="1"/>
        <line num="40" type="stmt" count="12"/>
        <line num="41" type="stmt" count="1"/>
        <line num="42" type="stmt" count="11"/>
        <line num="44" type="stmt" count="12"/>
        <line num="45" type="stmt" count="1"/>
        <line num="48" type="stmt" count="11"/>
        <line num="49" type="stmt" count="11"/>
        <line num="51" type="stmt" count="11"/>
        <line num="53" type="stmt" count="11"/>
        <line num="54" type="stmt" count="9"/>
        <line num="57" type="stmt" count="11"/>
        <line num="60" type="method" name="addReportingEndpointsHeader" visibility="private" complexity="4" crap="4" count="11"/>
        <line num="62" type="stmt" count="11"/>
        <line num="63" type="stmt" count="10"/>
        <line num="66" type="stmt" count="1"/>
        <line num="68" type="stmt" count="1"/>
        <line num="69" type="stmt" count="1"/>
        <line num="70" type="stmt" count="1"/>
        <line num="71" type="stmt" count="1"/>
        <line num="72" type="stmt" count="1"/>
        <metrics loc="76" ncloc="73" classes="1" methods="4" coveredmethods="4" conditionals="0" coveredconditionals="0" statements="25" coveredstatements="25" elements="29" coveredelements="29"/>
      </file>
    </package>
    <package name="MulerTech\CspBundle\Service">
      <file name="/app/src/Service/CspHeaderBuilder.php">
        <class name="MulerTech\CspBundle\Service\CspHeaderBuilder" namespace="MulerTech\CspBundle\Service">
          <metrics complexity="21" methods="6" coveredmethods="6" conditionals="0" coveredconditionals="0" statements="37" coveredstatements="37" elements="43" coveredelements="43"/>
        </class>
        <line num="17" type="method" name="__construct" visibility="public" complexity="1" crap="1" count="28"/>
        <line num="24" type="stmt" count="28"/>
        <line num="30" type="method" name="build" visibility="public" complexity="6" crap="6" count="24"/>
        <line num="32" type="stmt" count="24"/>
        <line num="33" type="stmt" count="24"/>
        <line num="34" type="stmt" count="24"/>
        <line num="36" type="stmt" count="24"/>
        <line num="37" type="stmt" count="22"/>
        <line num="38" type="stmt" count="2"/>
        <line num="39" type="stmt" count="2"/>
        <line num="42" type="stmt" count="22"/>
        <line num="43" type="stmt" count="2"/>
        <line num="47" type="stmt" count="22"/>
        <line num="49" type="stmt" count="22"/>
        <line num="51" type="stmt" count="22"/>
        <line num="52" type="stmt" count="4"/>
        <line num="55" type="stmt" count="22"/>
        <line num="58" type="stmt" count="24"/>
        <line num="60" type="stmt" count="24"/>
        <line num="63" type="method" name="resolveSource" visibility="private" complexity="2" crap="2" count="22"/>
        <line num="65" type="stmt" count="22"/>
        <line num="66" type="stmt" count="3"/>
        <line num="69" type="stmt" count="22"/>
        <line num="75" type="method" name="isNoneOnly" visibility="private" complexity="2" crap="2" count="4"/>
        <line num="77" type="stmt" count="4"/>
        <line num="83" type="method" name="addReporting" visibility="private" complexity="4" crap="4" count="24"/>
        <line num="85" type="stmt" count="24"/>
        <line num="87" type="stmt" count="24"/>
        <line num="88" type="stmt" count="20"/>
        <line num="91" type="stmt" count="4"/>
        <line num="92" type="stmt" count="1"/>
        <line num="95" type="stmt" count="3"/>
        <line num="96" type="stmt" count="3"/>
        <line num="99" type="method" name="resolveReportUrl" visibility="private" complexity="6" crap="6" count="24"/>
        <line num="101" type="stmt" count="24"/>
        <line num="102" type="stmt" count="3"/>
        <line num="105" type="stmt" count="21"/>
        <line num="106" type="stmt" count="1"/>
        <line num="107" type="stmt" count="1"/>
        <line num="108" type="stmt" count="1"/>
        <line num="109" type="stmt" count="1"/>
        <line num="110" type="stmt" count="1"/>
        <line num="113" type="stmt" count="20"/>
        <metrics loc="116" ncloc="100" classes="1" methods="6" coveredmethods="6" conditionals="0" coveredconditionals="0" statements="37" coveredstatements="37" elements="43" coveredelements="43"/>
      </file>
    </package>
    <package name="MulerTech\CspBundle\Twig">
      <file name="/app/src/Twig/CspExtension.php">
        <class name="MulerTech\CspBundle\Twig\CspExtension" namespace="MulerTech\CspBundle\Twig">
          <metrics complexity="3" methods="3" coveredmethods="3" conditionals="0" coveredconditionals="0" statements="5" coveredstatements="5" elements="8" coveredelements="8"/>
        </class>
        <line num="13" type="method" name="__construct" visibility="public" complexity="1" crap="1" count="3"/>
        <line num="16" type="stmt" count="3"/>
        <line num="18" type="method" name="getFunctions" visibility="public" complexity="1" crap="1" count="1"/>
        <line num="20" type="stmt" count="1"/>
        <line num="21" type="stmt" count="1"/>
        <line num="22" type="stmt" count="1"/>
        <line num="25" type="method" name="getNonce" visibility="public" complexity="1" crap="1" count="2"/>
        <line num="27" type="stmt" count="2"/>
        <metrics loc="30" ncloc="30" classes="1" methods="3" coveredmethods="3" conditionals="0" coveredconditionals="0" statements="5" coveredstatements="5" elements="8" coveredelements="8"/>
      </file>
    </package>
    <metrics files="6" loc="423" ncloc="395" classes="6" methods="21" coveredmethods="21" conditionals="0" coveredconditionals="0" statements="146" coveredstatements="146" elements="167" coveredelements="167"/>
  </project>
</coverage>
